<?xml version="1.0" encoding="UTF-8"?>
<testsuite xmlns:xsi="http://www.w3.org/2001/XMLSchema-instance" xsi:schemaLocation="https://maven.apache.org/surefire/maven-surefire-plugin/xsd/surefire-test-report.xsd" name="TestSuite" time="0.838" tests="2" errors="0" skipped="0" failures="1">
  <properties>
    <property name="java.vendor" value="Oracle Corporation"/>
    <property name="JOB_NAME" value="Selenium"/>
    <property name="sun.java.launcher" value="SUN_STANDARD"/>
    <property name="NUMBER_OF_PROCESSORS" value="4"/>
    <property name="sun.management.compiler" value="HotSpot 64-Bit Tiered Compilers"/>
    <property name="JENKINS_HOME" value="C:\Users\gamilm\.jenkins"/>
    <property name="FPS_BROWSER_USER_PROFILE_STRING" value="Default"/>
    <property name="HUDSON_SERVER_COOKIE" value="6b55743bb9f13e23"/>
    <property name="os.name" value="Windows 10"/>
    <property name="sun.boot.class.path" value="C:\Program Files\Java\jdk1.8.0_77\jre\lib\resources.jar;C:\Program Files\Java\jdk1.8.0_77\jre\lib\rt.jar;C:\Program Files\Java\jdk1.8.0_77\jre\lib\sunrsasign.jar;C:\Program Files\Java\jdk1.8.0_77\jre\lib\jsse.jar;C:\Program Files\Java\jdk1.8.0_77\jre\lib\jce.jar;C:\Program Files\Java\jdk1.8.0_77\jre\lib\charsets.jar;C:\Program Files\Java\jdk1.8.0_77\jre\lib\jfr.jar;C:\Program Files\Java\jdk1.8.0_77\jre\classes"/>
    <property name="EXECUTOR_NUMBER" value="1"/>
    <property name="sun.desktop" value="windows"/>
    <property name="PATHEXT" value=".COM;.EXE;.BAT;.CMD;.VBS;.VBE;.JS;.JSE;.WSF;.WSH;.MSC"/>
    <property name="java.vm.specification.vendor" value="Oracle Corporation"/>
    <property name="NODE_LABELS" value="master"/>
    <property name="TEMP" value="C:\Users\gamilm\AppData\Local\Temp"/>
    <property name="java.runtime.version" value="1.8.0_77-b03"/>
    <property name="FPS_BROWSER_APP_PROFILE_STRING" value="Internet Explorer"/>
    <property name="ANT_HOME" value="C:\Program Files\apache-ant-1.10.1"/>
    <property name="HOMESHARE" value="\\oisfsv2bn.internal.vodafone.com\User2$\GamilM"/>
    <property name="user.name" value="GamilM"/>
    <property name="guice.disable.misplaced.annotation.check" value="true"/>
    <property name="CommonProgramW6432" value="C:\Program Files\Common Files"/>
    <property name="ProgramFiles" value="C:\Program Files"/>
    <property name="NODE_PATH" value="C:\Users\gamilm\AppData\Roaming\npm\node_modules"/>
    <property name="PROMPT" value="$P$G"/>
    <property name="user.language" value="en"/>
    <property name="JOB_BASE_NAME" value="Selenium"/>
    <property name="RUN_CHANGES_DISPLAY_URL" value="http://unconfigured-jenkins-location/job/Selenium/1/display/redirect?page=changes"/>
    <property name="BUILD_DISPLAY_NAME" value="#1"/>
    <property name="OneDrive" value="C:\Users\gamilm\OneDrive"/>
    <property name="sun.boot.library.path" value="C:\Program Files\Java\jdk1.8.0_77\jre\bin"/>
    <property name="LOCALAPPDATA" value="C:\Users\gamilm\AppData\Local"/>
    <property name="java.version" value="1.8.0_77"/>
    <property name="PROCESSOR_LEVEL" value="6"/>
    <property name="user.timezone" value="Africa/Cairo"/>
    <property name="USERNAME" value="GamilM"/>
    <property name="sun.arch.data.model" value="64"/>
    <property name="NODE_NAME" value="master"/>
    <property name="TERM" value="dumb"/>
    <property name="java.endorsed.dirs" value="C:\Program Files\Java\jdk1.8.0_77\jre\lib\endorsed"/>
    <property name="BUILD_ID" value="1"/>
    <property name="sun.cpu.isalist" value="amd64"/>
    <property name="sun.jnu.encoding" value="Cp1252"/>
    <property name="file.encoding.pkg" value="sun.io"/>
    <property name="file.separator" value="\"/>
    <property name="java.specification.name" value="Java Platform API Specification"/>
    <property name="HOMEDRIVE" value="P:"/>
    <property name="maven.conf" value="C:\Program Files\apache-maven-3.5.0\conf"/>
    <property name="java.class.version" value="52.0"/>
    <property name="=::" value="::\"/>
    <property name="org.slf4j.simpleLogger.defaultLogLevel" value="info"/>
    <property name="user.country" value="US"/>
    <property name="LR_PATH" value="C:\Program Files (x86)\HPE\LoadRunner\"/>
    <property name="ALLUSERSPROFILE" value="C:\ProgramData"/>
    <property name="java.home" value="C:\Program Files\Java\jdk1.8.0_77\jre"/>
    <property name="java.vm.info" value="mixed mode"/>
    <property name="os.version" value="10.0"/>
    <property name="=ExitCode" value="00000001"/>
    <property name="RUN_DISPLAY_URL" value="http://unconfigured-jenkins-location/job/Selenium/1/display/redirect"/>
    <property name="TMP" value="C:\Users\gamilm\AppData\Local\Temp"/>
    <property name="path.separator" value=";"/>
    <property name="java.vm.version" value="25.77-b03"/>
    <property name="user.variant" value=""/>
    <property name="JOB_DISPLAY_URL" value="http://unconfigured-jenkins-location/job/Selenium/display/redirect"/>
    <property name="CommonProgramFiles(x86)" value="C:\Program Files (x86)\Common Files"/>
    <property name="VUGEN_PATH" value="C:\Program Files (x86)\HPE\LoadRunner\"/>
    <property name="USERDOMAIN_ROAMINGPROFILE" value="VF-ROOT"/>
    <property name="java.awt.printerjob" value="sun.awt.windows.WPrinterJob"/>
    <property name="CommonProgramFiles" value="C:\Program Files\Common Files"/>
    <property name="JAVA_HOME" value="C:\Program Files\Java\jdk1.8.0_77"/>
    <property name="sun.io.unicode.encoding" value="UnicodeLittle"/>
    <property name="ComSpec" value="C:\Windows\system32\cmd.exe"/>
    <property name="awt.toolkit" value="sun.awt.windows.WToolkit"/>
    <property name="HOMEPATH" value="\"/>
    <property name="USERDNSDOMAIN" value="INTERNAL.VODAFONE.COM"/>
    <property name="user.script" value=""/>
    <property name="COMPUTERNAME" value="E0366482"/>
    <property name="VBOX_MSI_INSTALL_PATH" value="C:\Program Files\Oracle\VirtualBox\"/>
    <property name="user.home" value="C:\Users\gamilm"/>
    <property name="PUBLIC" value="C:\Users\Public"/>
    <property name="BUILD_TAG" value="jenkins-Selenium-1"/>
    <property name="JENKINS_SERVER_COOKIE" value="6b55743bb9f13e23"/>
    <property name="ProgramData" value="C:\ProgramData"/>
    <property name="java.specification.vendor" value="Oracle Corporation"/>
    <property name="USERPROFILE" value="C:\Users\gamilm"/>
    <property name="CLASSPATH" value=""/>
    <property name="java.vendor.url" value="http://java.oracle.com/"/>
    <property name="java.library.path" value="C:\Program Files\Java\jdk1.8.0_77\bin;C:\Windows\Sun\Java\bin;C:\Windows\system32;C:\Windows;C:\Program Files\apache-maven-3.5.0/bin;C:\Program Files\Java\jdk1.8.0_77/bin;C:\Program Files\Java\jdk1.8.0_77/bin;C:\ProgramData\Oracle\Java\javapath;C:\Windows\system32;C:\Windows;C:\Windows\System32\Wbem;C:\Windows\System32\WindowsPowerShell\v1.0\;c:\Program Files (x86)\Enterprise Vault\EVClient\;c:\Program Files (x86)\Enterprise Vault\EVClient\x64\;C:\Program Files\nodejs\;C:\Program Files\TortoiseSVN\bin;C:\Program Files\apache-maven-3.5.0/bin;C:\Program Files\Java\jdk1.8.0_77\bin/bin;C:\Python27;C:\Python27\Scripts;C:\Program Files (x86)\HPE\LoadRunner\strawberry-perl\perl\bin;C:\strawberry\c\bin;C:\strawberry\perl\bin;C:\Users\gamilm\AppData\Roaming\npm\node_modules;C:\Users\gamilm\Downloads\Tools\Sikuli\Sikuli\libs;C:\Program Files (x86)\Microsoft VS Code\bin;C:\Users\gamilm\AppData\Roaming\npm;C:\Users\gamilm\AppData\Local\Programs\Git\cmd;C:\Program Files\Java\jdk1.8.0_77/bin;C:\Program Files\apache-maven-3.5.0/bin;C:\android-sdk-windows\tools;C:\android-sdk-windows\platform-tools;C:\Program Files (x86)\Sikuli X\libs;bin;."/>
    <property name="java.vm.vendor" value="Oracle Corporation"/>
    <property name="APPDATA" value="C:\Users\gamilm\AppData\Roaming"/>
    <property name="SIKULI_HOME" value="C:\SikuliX\libs"/>
    <property name="java.runtime.name" value="Java(TM) SE Runtime Environment"/>
    <property name="maven.home" value="C:\Program Files\apache-maven-3.5.0"/>
    <property name="java.class.path" value="C:\Users\gamilm\.jenkins\plugins\maven-plugin\WEB-INF\lib\maven35-agent-1.12-alpha-1.jar;C:\Program Files\apache-maven-3.5.0\boot\plexus-classworlds-2.5.2.jar;C:\Program Files\apache-maven-3.5.0/conf/logging"/>
    <property name="sun.java.command" value="jenkins.maven3.agent.Maven35Main C:\Program Files\apache-maven-3.5.0 C:\Users\gamilm\.jenkins\war\WEB-INF\lib\remoting-3.14.jar C:\Users\gamilm\.jenkins\plugins\maven-plugin\WEB-INF\lib\maven35-interceptor-1.12-alpha-1.jar C:\Users\gamilm\.jenkins\plugins\maven-plugin\WEB-INF\lib\maven3-interceptor-commons-1.12-alpha-1.jar 1943"/>
    <property name="LG_PATH" value="C:\Program Files (x86)\HPE\LoadRunner\"/>
    <property name="Path" value="C:\Program Files\Java\jdk1.8.0_77/bin;C:\ProgramData\Oracle\Java\javapath;C:\Windows\system32;C:\Windows;C:\Windows\System32\Wbem;C:\Windows\System32\WindowsPowerShell\v1.0\;c:\Program Files (x86)\Enterprise Vault\EVClient\;c:\Program Files (x86)\Enterprise Vault\EVClient\x64\;C:\Program Files\nodejs\;C:\Program Files\TortoiseSVN\bin;C:\Program Files\apache-maven-3.5.0/bin;C:\Program Files\Java\jdk1.8.0_77\bin/bin;C:\Python27;C:\Python27\Scripts;C:\Program Files (x86)\HPE\LoadRunner\strawberry-perl\perl\bin;C:\strawberry\c\bin;C:\strawberry\perl\bin;C:\Users\gamilm\AppData\Roaming\npm\node_modules;C:\Users\gamilm\Downloads\Tools\Sikuli\Sikuli\libs;C:\Program Files (x86)\Microsoft VS Code\bin;C:\Users\gamilm\AppData\Roaming\npm;C:\Users\gamilm\AppData\Local\Programs\Git\cmd;C:\Program Files\Java\jdk1.8.0_77/bin;C:\Program Files\apache-maven-3.5.0/bin;C:\android-sdk-windows\tools;C:\android-sdk-windows\platform-tools;C:\Program Files (x86)\Sikuli X\libs;bin"/>
    <property name="FTP_PASSIVE" value="1"/>
    <property name="java.vm.specification.name" value="Java Virtual Machine Specification"/>
    <property name="PROCESSOR_ARCHITECTURE" value="AMD64"/>
    <property name="PATH+JDK" value="C:\Program Files\Java\jdk1.8.0_77/bin"/>
    <property name="PROCESSOR_IDENTIFIER" value="Intel64 Family 6 Model 61 Stepping 4, GenuineIntel"/>
    <property name="SESSIONNAME" value="Console"/>
    <property name="java.vm.specification.version" value="1.8"/>
    <property name="sun.os.patch.level" value=""/>
    <property name="sun.cpu.endian" value="little"/>
    <property name="M2_HOME" value="C:\Program Files\apache-maven-3.5.0"/>
    <property name="java.io.tmpdir" value="C:\Users\gamilm\AppData\Local\Temp\"/>
    <property name="OS" value="Windows_NT"/>
    <property name="HUDSON_HOME" value="C:\Users\gamilm\.jenkins"/>
    <property name="PATH+MAVEN" value="C:\Program Files\apache-maven-3.5.0/bin"/>
    <property name="ProgramFiles(x86)" value="C:\Program Files (x86)"/>
    <property name="java.vendor.url.bug" value="http://bugreport.sun.com/bugreport/"/>
    <property name="java.awt.graphicsenv" value="sun.awt.Win32GraphicsEnvironment"/>
    <property name="os.arch" value="amd64"/>
    <property name="SystemRoot" value="C:\Windows"/>
    <property name="java.ext.dirs" value="C:\Program Files\Java\jdk1.8.0_77\jre\lib\ext;C:\Windows\Sun\Java\lib\ext"/>
    <property name="user.dir" value="C:\Users\gamilm\Desktop\SeleniumJava\SeleniumWithMavenandJenkins"/>
    <property name="LOGONSERVER" value="\\ECINDC301VW"/>
    <property name="USERDOMAIN" value="VF-ROOT"/>
    <property name="line.separator" value="&#10;"/>
    <property name="MAVEN_HOME" value="C:\Program Files\apache-maven-3.5.0"/>
    <property name="java.vm.name" value="Java HotSpot(TM) 64-Bit Server VM"/>
    <property name="BUILD_NUMBER" value="1"/>
    <property name="ANDROID_HOME" value="C:\android-sdk-windows"/>
    <property name="PROCESSOR_REVISION" value="3d04"/>
    <property name="ProgramW6432" value="C:\Program Files"/>
    <property name="ANALYSIS_PATH" value="C:\Program Files (x86)\HPE\LoadRunner\"/>
    <property name="windir" value="C:\Windows"/>
    <property name="=C:" value="C:\Users\gamilm\Downloads\Tools"/>
    <property name="file.encoding" value="Cp1252"/>
    <property name="SystemDrive" value="C:"/>
    <property name="maven3.interceptor" value="C:\Users\gamilm\.jenkins\plugins\maven-plugin\WEB-INF\lib\maven35-interceptor-1.12-alpha-1.jar"/>
    <property name="WORKSPACE" value="C:\Users\gamilm\.jenkins\workspace\Selenium"/>
    <property name="maven3.interceptor.common" value="C:\Users\gamilm\.jenkins\plugins\maven-plugin\WEB-INF\lib\maven3-interceptor-commons-1.12-alpha-1.jar"/>
    <property name="java.specification.version" value="1.8"/>
    <property name="PSModulePath" value="C:\Program Files (x86)\WindowsPowerShell\Modules;C:\Windows\system32\WindowsPowerShell\v1.0\Modules;C:\Program Files (x86)\AutoIt3\AutoItX;C:\Program Files (x86)\Microsoft Azure Information Protection\Powershell"/>
  </properties>
  <testcase name="Dummy_test_to_fail" classname="MavenTest.TC001" time="0.022">
    <failure message="expected [2] but found [1]" type="java.lang.AssertionError">java.lang.AssertionError: expected [2] but found [1]
	at MavenTest.TC001.Dummy_test_to_fail(TC001.java:14)
</failure>
  </testcase>
  <testcase name="Dummy_test_to_pass" classname="MavenTest.TC001" time="0"/>
</testsuite>