<?xml version="1.0" encoding="UTF-8"?>
<!-- Generated by org.testng.reporters.JUnitReportReporter -->
<testsuite skipped="0" hostname="E0366482" name="MavenTest.TC002" tests="1" failures="0" timestamp="31 Jan 2018 14:09:33 GMT" time="24.743" errors="0">
  <testcase name="TC002" time="24.743" classname="MavenTest.TC002"/>
</testsuite> <!-- MavenTest.TC002 -->
